[    0.000000] Linux version 4.15.0-96-generic (buildd@lgw01-amd64-004) (gcc version 7.5.0 (Ubuntu 7.5.0-3ubuntu1~18.04)) #97-Ubuntu S Wed Apr 1 03:25:46 UTC 2020 (Ubuntu 4.15.0-96.97-generic 4.15.18)
[    0.000000] Command line: BOOT_IMAGE=/boot/vmlinuz-4.15.0-96-generic root=LABEL=cloudimg-rootfs ro console=tty1 console=ttyS0
[    0.000000] KERNEL supported cpus:
[    0.000000]   Intel GenuineIntel
[    0.000000]   AMD AuthenticAMD
[    0.000000]   Centaur CentaurHauls
[    0.000000] x86/fpu: Supporting XSAVE feature 0x001: 'x87 floating point registers'
[    0.000000] x86/fpu: Supporting XSAVE feature 0x002: 'SSE registers'
[    0.000000] x86/fpu: Supporting XSAVE feature 0x004: 'AVX registers'
[    0.000000] x86/fpu: xstate_offset[2]:  576, xstate_sizes[2]:  256
[    0.000000] x86/fpu: Enabled xstate features 0x7, context size is 832 bytes, using 'standard' format.
[    0.000000] e820: BIOS-provided physical RAM map:
[    0.000000] BIOS-e820: [mem0x0000000000000000-0x000000000009fbff] usable
[    0.000000] BIOS-e820: [mem 0x000000000009fc00-0x000000000009ffff] reserved
[    0.000000] BIOS-e820: [mem 0x00000000000f0000-0x00000000000fffff] reserved
[    0.000000] BIOS-e820: [mem 0x0000000000100000-0x000000003ffeffff] usable
[    0.000000] BIOS-e820: [mem 0x000000003fff0000-0x000000003fffffff] ACPI data
[    0.000000] BIOS-e820: [mem 0x00000000fec00000-0x00000000fec00fff] reserved
[    0.000000] BIOS-e820: [mem 0x00000000fee00000-0x00000000fee00fff] reserved
[    0.000000] BIOS-e820: [mem 0x00000000fffc0000-0x00000000ffffffff] reserved
[    0.000000] NX (Execute Disable) protection: active
[    0.000000] SMBIOS 2.5 present.
[    0.000000] DMI: innotek GmbH VirtualBox/VirtualBox, BIOS VirtualBox 12/01/2006
[    0.000000] Hypervisor detected: KVM
[    0.000000] e820: last_pfn = 0x3fff0 max_arch_pfn = 0x400000000
[    0.000000] MTRR: Disabled
[    0.000000] x86/PAT: MTRRs disabled, skipping PAT initialization too.
[    0.000000] CPU MTRRs all blank - virtualized system.
[    0.000000] x86/PAT: Configuration [0-7]: WB  WT  UC- UC  WB  WT  UC- UC  
[    0.000000] found SMP MP-table at [mem 0x0009fff0-0x0009ffff]
[    0.000000] Scanning 1 areas for low memory corruption
[    0.000000] RAMDISK: [mem 0x35a6f000-0x36d2efff]
[    0.000000] ACPI: Early table checksum verification disabled
[    0.000000] ACPI: RSDP 0x00000000000E0000 000024 (v02 VBOX  )
[    0.000000] ACPI: XSDT 0x000000003FFF0030 00003C (v01 VBOX   VBOXXSDT 00000001 ASL  00000061)
[    0.000000] ACPI: FACP 0x000000003FFF00F0 0000F4 (v04 VBOX   VBOXFACP 00000001 ASL  00000061)
[    0.000000] ACPI: DSDT 0x000000003FFF0470 0021FF (v02 VBOX   VBOXBIOS 00000002 INTL 20100528)
[    0.000000] ACPI: FACS 0x000000003FFF0200 000040
[    0.000000] ACPI: FACS 0x000000003FFF0200 000040
[    0.000000] ACPI: APIC 0x000000003FFF0240 00005C (v02 VBOX   VBOXAPIC 00000001 ASL  00000061)
[    0.000000] ACPI: SSDT 0x000000003FFF02A0 0001CC (v01 VBOX   VBOXCPUT 00000002 INTL 20100528)
[    0.000000] No NUMA configuration found
[    0.000000] Faking a node at [mem 0x0000000000000000-0x000000003ffeffff]
[    0.000000] NODE_DATA(0) allocated [mem 0x3ffc5000-0x3ffeffff]
[    0.000000] kvm-clock: cpu 0, msr 0:3ff44001, primary cpu clock
[    0.000000] kvm-clock: Using msrs 4b564d01 and 4b564d00
[    0.000000] kvm-clock: using sched offset of 7057991206 cycles
[    0.000000] clocksource: kvm-lock: mask: 0xffffffffffffffff max_cycles: 0x1cd42e4dffb, max_idle_ns: 881590591483 ns
[    0.000000] Zone ranges:
[    0.000000]   DMA      [mem 0x0000000000001000-0x0000000000ffffff]
[    0.000000]   DMA32    [mem 0x0000000001000000-0x000000003ffeffff]
[    0.000000]   Normal   empty
[    0.000000]   Device   empty
[    0.000000] Movable zone start for each node
[    0.000000] Early memry node ranges
[    0.000000]   node   0: [mem 0x0000000000001000-0x000000000009efff]
[    0.000000]   node   0: [mem 0x0000000000100000-0x000000003ffeffff]
[    0.000000] Reserved but unavailable: 98 pages
[    0.000000] Initmem setup node 0 [mem 0x0000000000001000-0x000000003ffeffff]
[    0.000000] ACPI: PM-Timer IO Port: 0x4008
[   0.00000]IOAPIC[0]: apic_id 2, version 32, address 0xfec00000, GSI 0-23
[  0.000000] ACPI: INT_SRC_OVR ((bus 0 bus_irq 0 global_irq 2 dfl dfl)
[    0.000000] ACPI: INT_SRC_OVR (bus 0 bus_irq 9 global_irq 9 low level)
[    0.000000] Using ACPI (MADT for SMP configuration information
[    0.000000] smpboot: Allowing 2 CPUs, 0otplug CPUs
[    .00000] PM: Registered nosave memory: [mem 0x00000000-0x00000fff]
[    0.000000]  PM: Registered nosave memory: [mem 0x0009f000-0x0009ffff]
[    0.000000] PM: Registered nosave memory: [mem 0x000a0000-0x000effff]
[    0.000000] PM: Registered nosave memory: [mem 0x000f0000-0x000fffff]
[    0.000000] e820: [mem 0x40000000-0xfebfffff] available for PCI devices
[    0.000000] Booting paravirtualized kernel on KVM
[    0.000000] clocksource: refined-jiffies: mask: 0xffffffff max_cycles: 0xffffffff, max_idle_ns: 7645519600211568 ns
[    0.000000] random: get_random_bytes called from start_kernel+0x99/0x4fd with crng_init=0
[    0.000000] setup_percpu: NR_CPUS:8192 nr_cpumask_bits:2 nr_cpu_ids:2 nr_node_ids:1
[    0.000000] percpu: Embedded 45 pages/cpu s147456 r8192 d28672 u1048576
[    0.000000] PV qspinlock hash table entries: 256 (order: 0, 4096 bytes)
[    0.000000] Built 1 zonelists, mobility grouping on.  Total pages: 257913
[    0.000000] Policy zone: DMA32
[  0.000000] Kernel command line: BOOT_IMAGE=/boot/vmlinuz-4.15.0-96-generic root=LABEL=cloudimg-rootfs ro console=tty1 console=ttyS0

[    0.00000 Memorry: 983068K/1048120K available (12300K kernel code, 2481K rwdata, 4264K rodata, 2432K init, 2712K bss, 65052K reserved, 0K cma-reserved)
[    0.000000] SLUB: HWalign=64, Order=0-3, MinObjects=0, CPUs=2, Nodes=1
[    0.000000] Kernel/User page tables isolation: enabled
[    0.000000] ftrace: allocating 39351 entries in 154 pages
[    0.004000] Hierarchical RCU implementation.
[    0.004000] 	RCU restricting CPUs from NR_CPUS=8192 to nr_cpu_ids=2.
[    0.004000] 	Tasks RCU enabled.
[    0.004000] RCU: Adjusting geometry for rcu_fanout_leaf=16, nr_cpu_ids=2
[    0.004000] NR_IRQS: 524544, nr_irqs: 440, preallocated irqs: 16
[    0.004000] Console: colour VGA+ 80x25
[   0004000] console [tty1] enabled
[   0.004000] console [tty] enabled
[  0.004000] ACPI: Core revision 20170831
[    0.004000] ACPI: 2 ACPI AML tables successfully acquired and loaded
[    0.004000] APIC: Switch to symmetric I/O mode setup
[    0.004000] x2apic enabled
[    0.004000] Switched APIC routing to physical x2apic.
[    0.005943] ..TIMER: vector=0x30 apic1=0 pin1=2 apic2=-1 pin2=-1
[    0.008004] tsc: Detected 2591.998 MHz processor
[    0.009774] Calibrating delay loop (skipped) preset value.. 5183.99 BogoMIPS (lpj=1036992)
[    0.012007] pid_max: default: 32768 minimum: 301
[    0.016225] Security Framework initialized
[    0.017552] Yama: becoming mindful.
[    0.020026] AppArmor: AppArmor initialized
[    0.024055] Dentry cache hash table entries: 131072 (order: 8, 1048576 bytes)
[    0.026238] Inode-cache hash table entries: 65536 (order: 7, 524288 bytes)
[    0.028023] Mount-cache hash table entries: 2048 (order: 2, 16384 bytes)
[    0.032013] Mountpoint-cache hash table entries: 2048 (order: 2, 16384 bytes)
[    0.036307] Last level iTLB entries: 4KB 64, 2MB 8, 4MB 8
[    0.037932] Last level dTLB entries: 4KB 64, 2MB 0, 4MB 0, 1GB 4
[    0.040003] Spectre V1 : Mitigation: usercopy/swapgs barriers and __user pointer sanitization
[    0.042541] Spectre V2 : Mitigation: Full generic retpoline
[    0.044002] Spectre V2 : Spectre v2 / SpectreRSB mitigation: Filling RSB on context switch
[    0.046565] Speculative Store Bypass: Vulnerable
[    0.048054] MDS: Vulnerable: Clear CPU buffers attempted, no microcode
[    0.052217] Freeing SMP alternatives memory: 36K
[    0.168000] smpboot: CPU0: Intel(R) Core(TM) i7-6500U CPU @ 2.50GHz (family: 0x6, model: 0x4e, stepping: 0x3)
[    0.168092] Performance Events: unsupported p6 CPU model 78 no PMU driver, software events only.
[    0.172044] Hierarchical SRCU implementation.
[    0.174374] NMI watchdog: Perf event create on CPU 0 failed with -2
[    0.176003] NMI watchdog: Perf NMI watchdog permanently disabled
[    0.178313] smp: Bringing up secondary CPUs ...
[    0.184155] x86: Booting SMP configuration:
[    0.185899] .... node  #0, CPUs:      #1
[    0.004000] kvm-clock: cpu 1, msr 0:3ff44041, secondary cpu clock
[    0.192025] smp: Brought up 1 node, 2 CPUs
[    0.193611] smpboot: Max logical packages: 1
[    0.196006] smpboot: Total of 2 processors activated (10367.99 BogoMIPS)
[    0.198882] devtmpfs: initialized
[    0.200089] x86/mm: Memory block size: 128MB
[    0.202044] evm: security.selinux
[    0.204007] evm: security.SMACK64
[    0.205571] evm: security.SMACK64EXEC
[    0.207121] evm: security.SMACK64TRANSMUTE
[    0.208005] evm: security.SMACK64MMAP
[    0.212004] evm: security.apparmor
[    0.216007] evm: security.ima
[    0.217286] evm: security.capability
[    0.218771] clocksource: jiffies: mask: 0xffffffff max_cycles: 0xffffffff, max_idle_ns: 7645041785100000 ns
[    0.220024] futex hash table entries: 512 (order: 3, 32768 bytes)
[    0.228037] pinctrl core: initialized pinctrl subsystem
[    0.230212] RTC time:  3:34:52, date: 04/17/20
[    0.232266] NET: Registered protocol family 16
[    0.236119] audit: initializing netlink subsys (disabled)
[    0.240053] audit: type=2000 audit(1587094499.698:1): state=initialized audit_enabled=0 res=1
[    0.244010] cpuidle: using governor ladder
[    0.245696] cpuidle: using governor menu
[    0.247434] ACPI: bus type PCI registered
[    0.248006] acpiphp: ACPI Hot Plug PCI Controller Driver version: 0.5
[    0.252135] PCI: Using configuration type 1 for base access
[    0.256051] HugeTLB registered 2.00 MiB page size, pre-allocated 0 pages
[    0.260111] ACPI: Added _OSI(Module Device)
[    0.261826] ACPI: Added _OSI(Processor Device)
[    0.264006] ACPI: Added _OSI(3.0 _SCP Extensions)
[    0.265468] ACPI: Added _OSI(Processor Aggregator Device)
[    0.272027] ACPI: Added _OSI(Linux-Dell-Video)
[    0.273425] ACPI: Added _OSI(Linux-Lenovo-NV-HDMI-Audio)
[    0.276022] ACPI: Added _OSI(Linux-HPI-Hybrid-Graphics)
[    0.278319] ACPI: Executed 1 blocks of module-level executable AML code
[    0.285980] ACPI: Interpreter enabled
[    0.287139] ACPI: (supports S0 S5)
[    0.288003] ACPI: Using IOAPIC for interrupt routing
[    0.289845] PCI: Using host bridge windows from ACPI; if necessary, use "pci=nocrs" and report a bug
[    0.292223] ACPI: Enabled 2 GPEs in block 00 to 07
[    0.309501] ACPI: PCI Root Bridge [PCI0] (domain 0000 [bus 00-ff])
[    0.311327] acpi PNP0A03:00: _OSC: OS supports [ASPM ClockPM Segments MSI]
[    0.312033] acpi PNP0A03:00: _OSC: not requesting OS control; OS requires [ExtendedConfig ASPM ClockPM MSI]
[    0.314850] acpi PNP0A03:00: fail to add MMCONFIG information, can't access extended PCI configuration space under this bridge.
[    0.320485] PCI host bridge to bus 0000:00
[    0.320485] pci_bus 0000:00: root bus resource [io  0x0000-0x0cf7 window]
[    0.322011] pci_bus 0000:00: root bus resource [io  0x0d00-0xffff window]
[    0.324004] pci_bus 0000:00: root bus resource [mem 0x000a0000-0x000bffff window]
[    0.332005] pci_bus 0000:00: root bus resource [mem 0x40000000-0xfdffffff window]
[    0.336004] pci_bus 0000:00: root bus resource [bus 00-ff]
[    0.340983] pci 0000:00:01.1: legacy IDE quirk: reg 0x10: [io  0x01f0-0x01f7]
[    0.348006] pci 0000:00:01.1: legacy IDE quirk: reg 0x14: [io  0x03f6]
[    0.352005] pci 0000:00:01.1: legacy IDE quirk: reg 0x18: [io  0x0170-0x0177]
[    0.354078] pci 0000:00:01.1: legacy IDE quirk: reg 0x1c: [io  0x0376]
[    0.375773] pci 0000:00:07.0: quirk: [io  0x4000-0x403f] claimed by PIIX4 ACPI
[    0.376024] pci 0000:00:07.0: quirk: [io  0x4100-0x410f] claimed by PIIX4 SMB
[    0.388108] ACPI: PCI Interrupt Link [LNKA] (IRQs 5 9 10 *11)
[    0.390433] ACPI: PCI Interrupt Link [LNKB] (IRQs 5 9 *10 11)
[    0.392153] ACPI: PCI Interrupt Link [LNKC] (IRQs 5 *9 10 11)
[    0.408114] ACPI: PCI Interrupt Link [LNKD] (IRQs 5 9 10 *11)
[    0.412003] SCSI subsystem initialized
[    0.412122] pci 0000:00:02.0: vgaarb: setting as boot VGA device
[    0.416000] pci 0000:00:02.0: vgaarb: VGA device added: decodes=io+mem,owns=io+mem,locks=none
[    0.464009] pci 0000:00:02.0: vgaarb: bridge control possible
[    0.468003] vgaarb: loaded
[    0.468955] ACPI: bus type USB registered
[    0.470266] usbcore: registered new interface driver usbfs
[    0.472012] usbcore: registered new interface driver hub
[    0.476002] usbcore: registered new device driver usb
[    0.480055] EDAC MC: Ver: 3.0.0
[    0.480318] PCI: Using ACPI for IRQ routing
[    0.488395] NetLabel: Initializing
[    0.489588] NetLabel:  domain hash size = 128
[    0.492003] NetLabel:  protocols = UNLABELED CIPSOv4 CALIPSO
[    0.494164] NetLabel:  unlabeled traffic allowed by default
[    0.496112] clocksource: Switched to clocksource kvm-clock
[    0.518104] VFS: Disk quotas dquot_6.6.0
[    0.556150] VFS: Dquot-cache hash table entries: 512 (order 0, 4096 bytes)
[    0.613986] AppArmor: AppArmor Filesystem Enabled
[    0.646720] pnp: PnP ACPI init
[    0.658372] pnp: PnP ACPI: found 3 devices
[    0.702335] clocksource: acpi_pm: mask: 0xffffff max_cycles: 0xffffff, max_idle_ns: 2085701024 ns
[    0.767249] NET: Registered protocol family 2
[    0.796349] TCP established hash table entries: 8192 (order: 4, 65536 bytes)
[    0.815166] TCP bind hash table entries: 8192 (order: 5, 131072 bytes)
[    0.839697] TCP: Hash tables configured (established 8192 bind 8192)
[    0.886642] UDP hash table entries: 512 (order: 2, 16384 bytes)
[    0.894818] UDP-Lite hash table entries: 512 (order: 2, 16384 bytes)
[    0.933738] NET: Registered protocol family 1
[    0.966721] pci 0000:00:00.0: Limiting direct PCI/PCI transfers
[    0.984730] pci 0000:00:01.0: Activating ISA DMA hang workarounds
[    0.987143] pci 0000:00:02.0: Video device with shadowed ROM at [mem 0x000c0000-0x000dffff]
[    0.990476] Unpacking initramfs...
[    1.358820] Freeing initrd memory: 19200K
[    1.360881] clocksource: tsc: mask: 0xffffffffffffffff max_cycles: 0x255cb518234, max_idle_ns: 440795279333 ns
[    1.365049] platform rtc_cmos: registered platform RTC device (no PNP device found)
[    1.368066] Scanning for low memory corruption every 60 seconds
[    1.371086] Initialise system trusted keyrings
[    1.380577] Key type blacklist registered
[    1.382304] workingset: timestamp_bits=36 max_order=18 bucket_order=0
[    1.386646] zbud: loaded
[    1.388909] squashfs: version 4.0 (2009/01/31) Phillip Lougher
[    1.390983] fuse init (API version 7.26)
[    1.396518] Key type asymmetric registered
[    1.398239] Asymmetric key parser 'x509' registered
[    1.399826] Block layer SCSI generic (bsg) driver version 0.4 loaded (major 246)
[    1.402922] io scheduler noop registered
[    1.404125] io scheduler deadline registered
[    1.405589] io scheduler cfq registered (default)
[    1.407496] ACPI: AC Adapter [AC] (on-line)
[    1.409223] input: Power Button as /devices/LNXSYSTM:00/LNXPWRBN:00/input/input0
[    1.412278] ACPI: Power Button [PWRF]
[    1.413511] input: Sleep Button as /devices/LNXSYSTM:00/LNXSLPBN:00/input/input1
[    1.415748] ACPI: Sleep Button [SLPF]
[    1.436380] Serial: 8250/16550 driver, 32 ports, IRQ sharing enabled
[    1.437603] ACPI: Battery Slot [BAT0] (battery present)
[    1.463926] 00:02: ttyS0 at I/O 0x3f8 (irq = 4, base_baud = 115200) is a 16550A
[    1.490110] Linux agpgart interface v0.103
[    1.496437] loop: module loaded
[    1.498560] scsi host0: ata_piix
[    1.499894] scsi host1: ata_piix
[    1.507391] ata1: PATA max UDMA/33 cmd 0x1f0 ctl 0x3f6 bmdma 0xd000 irq 14
[    1.517626] ata2: PATA max UDMA/33 cmd 0x170 ctl 0x376 bmdma 0xd008 irq 15
[    1.520693] libphy: Fixed MDIO Bus: probed
[    1.522027] tun: Universal TUN/TAP device driver, 1.6
[    1.523620] PPP generic driver version 2.4.2
[    1.525018] ehci_hcd: USB 2.0 'Enhanced' Host Controller (EHCI) Driver
[    1.582979] ehci-pci: EHCI PCI platform driver
[    1.627631] ehci-platform: EHCI generic platform driver
[    1.663884] ohci_hcd: USB 1.1 'Open' Host Controller (OHCI) Driver
[    1.705874] ohci-pci: OHCI PCI platform driver
[    1.719907] ohci-platform: OHCI generic platform driver
[    1.736996] uhci_hcd: USB Universal Host Controller Interface driver
[    1.739119] i8042: PNP: PS/2 Controller [PNP0303:PS2K,PNP0f03:PS2M] at 0x60,0x64 irq 1,12
[    1.752347] serio: i8042 KBD port at 0x60,0x64 irq 1
[    1.762446] serio: i8042 AUX port at 0x60,0x64 irq 12
[    1.792037] mousedev: PS/2 mouse device common for all mice
[    1.828227] input: AT Translated Set 2 keyboard as /devices/platform/i8042/serio0/input/input2
[    1.858315] rtc_cmos rtc_cmos: rtc core: registered rtc_cmos as rtc0
[    1.881909] rtc_cmos rtc_cmos: alarms up to one day, 114 bytes nvram
[    1.884104] i2c /dev entries driver
[    1.885608] device-mapper: uevent: version 1.0.3
[    1.887561] device-mapper: ioctl: 4.37.0-ioctl (2017-09-20) initialised: dm-devel@redhat.com
[    1.902678] ledtrig-cpu: registered to indicate activity on CPUs
[    1.918593] NET: Registered protocol family 10
[    1.924935] Segment Routing with IPv6
[    1.926623] NET: Registered protocol family 17
[    1.928144] Key type dns_resolver registered
[    1.929779] mce: Using 0 MCE banks
[    1.931075] RAS: Correctable Errors collector initialized.
[    1.933147] sched_clock: Marking stable (1933119475, 0)->(3199762802, -1266643327)
[    1.949808] registered taskstats version 1
[    1.951432] Loading compiled-in X.509 certificates
[    1.956398] Loaded X.509 cert 'Build time autogenerated kernel key: 244b473b43e18b01f00e37a87f2ecd28620f0244'
[    1.959553] zswap: loaded using pool lzo/zbud
[    1.966097] Key type big_key registered
[    1.974479] Key type trusted registered
[    1.978497] Key type encrypted registered
[    1.980139] AppArmor: AppArmor sha1 policy hashing enabled
[    1.982275] ima: No TPM chip found, activating TPM-bypass! (rc=-19)
[    1.984687] ima: Allocated hash algorithm: sha1
[    1.992749] evm: HMAC attrs: 0x1
[    2.003562]   Magic number: 0:609:563
[    2.006379] platform Fixed MDIO bus.0: hash matches
[    2.031433] rtc_cmos rtc_cmos: setting system clock to 2020-04-17 03:34:54 UTC (1587094494)
[    2.041220] BIOS EDD facility v0.16 2004-Jun-25, 0 devices found
[    2.043007] EDD information not available.
[    2.047056] Freeing unused kernel image memory: 2432K
[    2.317053] Write protecting the kernel read-only data: 20480k
[    2.370838] Freeing unused kernel image memory: 2008K
[    2.386075] Freeing unused kernel image memory: 1880K
[    2.397754] x86/mm: Checked W+X mappings: passed, no W+X pages found.
[    2.400468] x86/mm: Checking user space page tables
[    2.413174] x86/mm: Checked W+X mappings: passed, no W+X pages found.
Loading, please wait...
starting version 237
[    2.521606] e1000: Intel(R) PRO/1000 Network Driver - version 7.3.21-k8-NAPI
[    2.530487] e1000: Copyright (c) 1999-2006 Intel Corporation.
[    2.552358] Fusion MPT base driver 3.04.20
[    2.554782] Copyright (c) 1999-2008 LSI Corporation
[    2.579590] AVX2 version of gcm_enc/dec engaged.
[    2.581480] AES CTR mode by8 optimization enabled
[    2.583455] Fusion MPT SPI Host driver 3.04.20
[    2.593962] mptbase: ioc0: Initiating bringup
[    2.692656] ioc0: LSI53C1030 A0: Capabilities={Initiator}
[    2.787286] input: ImExPS/2 Generic Explorer Mouse as /devices/platform/i8042/serio1/input/input4
[    3.037261] scsi host2: ioc0: LSI53C1030 A0, FwRev=00000000h, Ports=1, MaxQ=256, IRQ=20
[    3.237269] scsi 2:0:0:0: Direct-Access     VBOX     HARDDISK         1.0  PQ: 0 ANSI: 5
[    3.576063] scsi target2:0:0: Beginning Domain Validation
[    3.579934] scsi target2:0:0: Domain Validation skipping write tests
[    3.605709] scsi target2:0:0: Ending Domain Validation
[    3.607605] scsi target2:0:0: asynchronous
[    3.611433] scsi 2:0:1:0: Direct-Access     VBOX     HARDDISK         1.0  PQ: 0 ANSI: 5
[    3.682012] e1000 0000:00:03.0 eth0: (PCI:33MHz:32-bit) 02:d9:f0:ef:3d:0e
[    3.684861] e1000 0000:00:03.0 eth0: Intel(R) PRO/1000 Network Connection
[    3.694703] e1000 0000:00:03.0 enp0s3: renamed from eth0
[    3.696861] scsi target2:0:1: Beginning Domain Validation
[    3.699984] random: fast init done
[    3.701983] scsi target2:0:1: Domain Validation skipping write tests
[    3.704371] scsi target2:0:1: Ending Domain Validation
[    3.706571] scsi target2:0:1: asynchronous
[    3.712419] random: systemd-udevd: uninitialized urandom read (16 bytes read)
[    3.714334] sd 2:0:0:0: [sda] 20971520 512-byte logical blocks: (10.7 GB/10.0 GiB)
[    3.714994] random: systemd-udevd: uninitialized urandom read (16 bytes read)
[    3.720524] random: systemd-udevd: uninitialized urandom read (16 bytes read)
[    3.723027] sd 2:0:0:0: Attached scsi generic sg0 type 0
[    3.725325] sd 2:0:0:0: [sda] Write Protect is off
[    3.736683] sd 2:0:1:0: Attached scsi generic sg1 type 0
[    3.740323] sd 2:0:0:0: [sda] Incomplete mode parameter data
[    3.752559] sd 2:0:0:0: [sda] Assuming drive cache: write through
[    3.755227] sd 2:0:1:0: [sdb] 20480 512-byte logical blocks: (10.5 MB/10.0 MiB)
[    3.758443] sd 2:0:1:0: [sdb] Write Protect is off
[    3.760698] sd 2:0:1:0: [sdb] Incomplete mode parameter data
[    3.762904] sd 2:0:1:0: [sdb] Assuming drive cache: write through
[    3.771944]  sda: sda1
[    3.773777] sd 2:0:0:0: [sda] Attached SCSI disk
[    3.800830] sd 2:0:1:0: [sdb] Attached SCSI disk
Begin: Loading essential drivers ... [    5.580281] raid6: sse2x1   gen()  8840 MB/s
[    5.644671] raid6: sse2x1   xor()  7214 MB/s
[    5.692539] raid6: sse2x2   gen() 11742 MB/s
[    5.752050] raid6: sse2x2   xor()  8041 MB/s
[    5.808164] raid6: sse2x4   gen() 13601 MB/s
[    5.856532] raid6: sse2x4   xor()  7934 MB/s
[    5.904344] raid6: avx2x1   gen() 18372 MB/s
[    5.952136] raid6: avx2x1   xor() 12184 MB/s
[    6.008766] raid6: avx2x2   gen() 22462 MB/s
[    6.056543] raid6: avx2x2   xor() 12780 MB/s
[    6.112178] raid6: avx2x4   gen() 27868 MB/s
[    6.172711] raid6: avx2x4   xor() 13461 MB/s
[    6.180697] raid6: using algorithm avx2x4 gen() 27868 MB/s
[    6.192844] raid6: .... xor() 13461 MB/s, rmw enabled
[    6.213742] raid6: using avx2x2 recovery algorithm
[    6.216766] xor: automatically using best checksumming function   avx       
[    6.242304] async_tx: api initialized (async)
done.
Begin: Running /scripts/init-premount ... done.
Begin: Mounting root file system ... Begin: Running /scripts/local-top ... done.
Begin: Running /scripts/local-premount ... [    6.302877] Btrfs loaded, crc32c=crc32c-intel
Scanning for Btrfs filesystems
done.
Warning: fsck not present, so sk[    6.341564] EXT4-fs (sda1): INFO: recovery required on readonly filesystem
ipping root file system
[    6.374534] EXT4-fs (sda1): write access will be enabled during recovery
[    6.480881] EXT4-fs (sda1): recovery complete
[    6.511887] EXT4-fs (sda1): mounted filesystem with ordered data mode. Opts: (null)
done.
Begin: Running /scripts/local-bottom ... done.
Begin: Running /scripts/init-bottom ... done.
[    7.681152] ip_tables: (C) 2000-2006 Netfilter Core Team
[    8.201415] systemd[1]: systemd 237 running in system mode. (+PAM +AUDIT +SELINUX +IMA +APPARMOR +SMACK +SYSVINIT +UTMP +LIBCRYPTSETUP +GCRYPT +GNUTLS +ACL +XZ +LZ4 +SECCOMP +BLKID +ELFUTILS +KMOD -IDN2 +IDN -PCRE2 default-hierarchy=hybrid)
[    8.209542] systemd[1]: Detected virtualization oracle.
[    8.211500] systemd[1]: Detected architecture x86-64.

Welcome to [1mUbuntu 18.04.4 LTS[0m!

[    8.253926] random: crng init done
[    8.255247] random: 7 urandom warning(s) missed due to ratelimiting
[    8.257644] systemd[1]: Set hostname to <ubuntu-bionic>.
[   10.310208] systemd[1]: Reached target System Time Synchronized.
[[0;32m  OK  [0m] Reached target System Time Synchronized.
[   10.314449] systemd[1]: Started Forward Password Requests to Wall Directory Watch.
[[0;32m  OK  [0m] Started Forward Password Requests to Wall Directory Watch.
[   10.321769] systemd[1]: Created slice System Slice.
[[0;32m  OK  [0m] Created slice System Slice.
[   10.337005] systemd[1]: Listening on LVM2 metadata daemon socket.
[[0;32m  OK  [0m] Listening on LVM2 metadata daemon socket.
[   10.350933] systemd[1]: Listening on Network Service Netlink Socket.
[[0;32m  OK  [0m] Listening on Network Service Netlink Socket.
[   10.356573] systemd[1]: Set up automount Arbitrary Executable File Formats File System Automount Point.
[[0;32m  OK  [0m] Set up automount Arbitrary Executab…rmats File System Automount Point.
[[0;32m  OK  [0m] Listening on Journal Socket (/dev/log).
[[0;32m  OK  [0m] Listening on udev Kernel Socket.
[[0;32m  OK  [0m] Listening on Journal Socket.
         Mounting Huge Pages File System...
         Starting Set the console keyboard layout...
[[0;32m  OK  [0m] Listening on Journal Audit Socket.
[[0;32m  OK  [0m] Listening on LVM2 poll daemon socket.
[[0;32m  OK  [0m] Reached target Swap.
         Starting Load Kernel Modules...
[[0;32m  OK  [0m] Listening on udev Control Socket.
         Starting udev Coldplug all Devices...
[[0;32m  OK  [0m] Created slice User and Session Slice.
[[0;32m  OK  [0m] Listening on /dev/initctl Compatibility Named Pipe.
         Starting Uncomplicated firewall...
[[0;32m  OK  [0m] Created slice system-serial\x2dgetty.slice.
[[0;32m  OK  [0m] Reached target Slices.
         Mounting POSIX Message Queue File System...
         Mounting Kernel Debug File System...
         Starting Create list of required st…ce nodes for the current kernel...
[[0;32m  OK  [0m] Listening on Syslog Socket.
         Starting Journal Service...
         Starting Remount Root and Kernel File Systems...
[[0;32m  OK  [0m] Reached target User and Group Name Lookups.
[[0;32m  OK  [0m] Listening on Device-mapper event daemon FIFOs.[   10.542305] Loading iSCSI transport class v2.0-870.

         Starting Monitoring of LVM2 mirrors…ng dmeventd or progress polling...
[[0;32m  OK  [0m] Mounted Huge Pages File System.
[[0;32m  OK  [0m] Started Uncomplicated firewall.
[[0;32m  OK  [0m] Mounted POSIX Message Queue File System.
[[0;32m  OK  [0m] Mounted Kernel Debug File System.
[[0;32m  OK  [0m] Started Create list of required sta…vice nodes for the current kernel.
[[0;32m  OK  [0m] Started udev Coldplug all Devices.
         Starting Create Static Device Nodes in /dev...
[   10.717594] iscsi: registered transport (tcp)
[[0;32m  OK  [0m] Started Journal Service.
[   10.932185] EXT4-fs (sda1): re-mounted. Opts: (null)
[[0;32m  OK  [0m] Started Remount Root and Kernel File Systems.
         Starting Load/Save Random Seed...
[   10.993003] iscsi: registered transport (iser)
         Starting Flush Journal to Persistent Storage...
[[0;32m  OK  [0m] Started Set the console keyboard layout.
[[0;32m  OK  [0m] Started Load Kernel Modules.
         Starting Apply Kernel Variables...
         Mounting FUSE Control File System...
         Mounting Kernel Configuration File System...
[[0;32m  OK  [0m] Mounted FUSE Control File System.
[[0;32m  OK  [0m] Mounted Kernel Configuration File System.
[[0;32m  OK  [0m] Started Load/Save Random Seed.
[[0;32m  OK  [0m] Started LVM2 metadata daemon.
[[0;32m  OK  [0m] Started Create Static Device Nodes in /dev.
         Starting udev Kernel Device Manager...
[   11.187342] systemd-journald[397]: Received request to flush runtime journal from PID 1
[[0;32m  OK  [0m] Started Monitoring of LVM2 mirrors,…sing dmeventd or progress polling.
[[0;32m  OK  [0m] Started Apply Kernel Variables.
[[0;32m  OK  [0m] Reached target Local File Systems (Pre).
[[0;32m  OK  [0m] Reached target Local File Systems.
         Starting AppArmor initialization...
         Starting Tell Plymouth To Write Out Runtime Data...
         Starting ebtables ruleset management...
         Starting Set console font and keymap...
[[0;32m  OK  [0m] Started udev Kernel Device Manager.
[[0;32m  OK  [0m] Started Dispatch Password Requests to Console Directory Watch.
[[0;32m  OK  [0m] Reached target Local Encrypted Volumes.
[[0;32m  OK  [0m] Started Flush Journal to Persistent Storage.
         Starting Create Volatile Files and Directories...
[[0;32m  OK  [0m] Started Tell Plymouth To Write Out Runtime Data.
[[0;32m  OK  [0m] Started Set console font and keymap.
[[0;32m  OK  [0m] Found device /dev/ttyS0.
[[0;32m  OK  [0m] Started Create Volatile Files and Directories.
         Starting Update UTMP about System Boot/Shutdown...
[[0;32m  OK  [0m] Listening on Load/Save RF Kill Switch Status /dev/rfkill Watch.
[[0;32m  OK  [0m] Started Update UTMP about System Boot/Shutdown.
[[0;32m  OK  [0m] Started ebtables ruleset management.
[[0;32m  OK  [0m] Started AppArmor initialization.
         Starting Initial cloud-init job (pre-networking)...
[   19.697499] cloud-init[530]: Cloud-init v. 19.4-33-gbb4131a2-0ubuntu1~18.04.1 running 'init-local' at Fri, 17 Apr 2020 03:35:11 +0000. Up 18.79 seconds.
[[0;32m  OK  [0m] Started Initial cloud-init job (pre-networking).
[[0;32m  OK  [0m] Reached target Network (Pre).
         Starting Network Service...
[[0;32m  OK  [0m] Started Network Service.
         Starting Network Name Resolution...
         Starting Wait for Network to be Configured...
[[0;32m  OK  [0m] Started Network Name Resolution.
[[0;32m  OK  [0m] Reached target Host and Network Name Lookups.
[[0;32m  OK  [0m] Reached target Network.
[[0;32m  OK  [0m] Started Wait for Network to be Configured.
         Starting Initial cloud-init job (metadata service crawler)...
[   22.111978] cloud-init[666]: Cloud-init v. 19.4-33-gbb4131a2-0ubuntu1~18.04.1 running 'init' at Fri, 17 Apr 2020 03:35:14 +0000. Up 21.79 seconds.
[   22.140265] cloud-init[666]: ci-info: ++++++++++++++++++++++++++++++++++++++Net device info++++++++++++++++++++++++++++++++++++++
[   22.172189] cloud-init[666]: ci-info: +--------+------+----------------------------+---------------+--------+-------------------+
[   22.176667] cloud-init[666]: ci-info: | Device |  Up  |          Address           |      Mask     | Scope  |     Hw-Address    |
[   22.240745] cloud-init[666]: ci-info: +--------+------+----------------------------+---------------+--------+-------------------+
[   22.304306] cloud-init[666]: ci-info: | enp0s3 | True |         10.0.2.15          | 255.255.255.0 | global | 02:d9:f0:ef:3d:0e |
[   22.404262] cloud-init[666]: ci-info: | enp0s3 | True | fe80::d9:f0ff:feef:3d0e/64 |       .       |  link  | 02:d9:f0:ef:3d:0e |
[   22.437488] cloud-init[666]: ci-info: |   lo   | True |         127.0.0.1          |   255.0.0.0   |  host  |         .         |
[   22.460417] cloud-init[666]: ci-info: |   lo   | True |          ::1/128           |       .       |  host  |         .         |
[   22.465511] cloud-init[666]: ci-info: +--------+------+----------------------------+---------------+--------+-------------------+
[   22.469937] cloud-init[666]: ci-info: ++++++++++++++++++++++++++++Route IPv4 info+++++++++++++++++++++++++++++
[   22.524322] cloud-init[666]: ci-info: +-------+-------------+----------+-----------------+-----------+-------+
[   22.537447] cloud-init[666]: ci-info: | Route | Destination | Gateway  |     Genmask     | Interface | Flags |
[   22.561023] cloud-init[666]: ci-info: +-------+-------------+----------+-----------------+-----------+-------+
[   22.571436] cloud-init[666]: ci-info: |   0   |   0.0.0.0   | 10.0.2.2 |     0.0.0.0     |   enp0s3  |   UG  |
[   22.574955] cloud-init[666]: ci-info: |   1   |   10.0.2.0  | 0.0.0.0  |  255.255.255.0  |   enp0s3  |   U   |
[   22.578352] cloud-init[666]: ci-info: |   2   |   10.0.2.2  | 0.0.0.0  | 255.255.255.255 |   enp0s3  |   UH  |
[   22.619135] cloud-init[666]: ci-info: +-------+-------------+----------+-----------------+-----------+-------+
[   22.622719] cloud-init[666]: ci-info: +++++++++++++++++++Route IPv6 info+++++++++++++++++++
[[   22.672302] cloud-init[666]: ci-info: +-------+-------------+---------+-----------+-------+
[   22.672649] cloud-init[666]: ci-info: | Route | Destination | Gateway | Interface | Flags |
[   22.673541] cloud-init[666]: ci-info: +-------+-------------+---------+-----------+-------+
[   22.706592] cloud-init[666]: ci-info: |   1   |  fe80::/64  |    ::   |   enp0s3  |   U   |
[   22.707046] cloud-init[666]: ci-info: |   3   |    local    |    ::   |   enp0s3  |   U   |
[   22.707391] cloud-init[666]: ci-info: |   4   |   ff00::/8  |    ::   |   enp0s3  |   U   |
[   22.707790] cloud-init[666]: ci-info: +-------+-------------+---------+-----------+-------+
[0;32m  OK  [0m] Started Initial cloud-init job (metadata service crawler).
[[0;32m  OK  [0m] Reached target System Initialization.
[[0;32m  OK  [0m] Started Discard unused blocks once a week.
[[0;32m  OK  [0m] Started Daily Cleanup of Temporary Directories.
[[0;32m  OK  [0m] Started Daily apt upgrade and clean activities.
         Starting LXD - unix socket.
[[0;32m  OK  [0m] Listening on UUID daemon activation socket.
[[0;32m  OK  [0m] Started Message of the Day.
[[0;32m  OK  [0m] Reached target Timers.
[[0;32m  OK  [0m] Listening on ACPID Listen Socket.
         Starting Socket activation for snappy daemon.
[[0;32m  OK  [0m] Listening on D-Bus System Message Bus Socket.
[[0;32m  OK  [0m] Started ACPI Events Check.
[[0;32m  OK  [0m] Reached target Paths.
[[0;32m  OK  [0m] Listening on Open-iSCSI iscsid Socket.
[[0;32m  OK  [0m] Reached target Cloud-config availability.
[[0;32m  OK  [0m] Reached target Network is Online.
         Starting Availability of block devices...
[[0;32m  OK  [0m] Reached target Remote File Systems (Pre).
[[0;32m  OK  [0m] Reached target Remote File Systems.
[[0;32m  OK  [0m] Listening on LXD - unix socket.
[[0;32m  OK  [0m] Listening on Socket activation for snappy daemon.
[[0;32m  OK  [0m] Started Availability of block devices.
[[0;32m  OK  [0m] Reached target Sockets.
[[0;32m  OK  [0m] Reached target Basic System.
[[0;32m  OK  [0m] Started D-Bus System Message Bus.
[[0;32m  OK  [0m] Started Deferred execution scheduler.
[[0;32m  OK  [0m] Started Regular background program processing daemon.
         Starting Accounts Service...
         Starting Login Service...
[[0;32m  OK  [0m] Started irqbalance daemon.
         Starting Permit User Sessions...
         Starting Dispatcher daemon for systemd-networkd...
[[0;32m  OK  [0m] Started FUSE filesystem for LXC.
         Starting Snappy daemon...
         Starting LSB: automatic crash report generation...
         Starting LSB: Record successful boot for GRUB...
         Starting OpenBSD Secure Shell server...
         Starting Virtualbox guest utils...
         Starting LXD - container startup/shutdown...
         Starting System Logging Service...
[[0;32m  OK  [0m] Started Permit User Sessions.
[[0;32m  OK  [0m] Started Login Service.
         Starting Authorization Manager...
[[0;32m  OK  [0m] Started Unattended Upgrades Shutdown.
         Starting Hold until boot process finishes up...
         Starting Terminate Plymouth Boot Screen...
[[0;32m  OK  [0m] Started Hold until boot process finishes up.
[[0;32m  OK  [0m] Started Terminate Plymouth Boot Screen.
         Starting Set console scheme...
[[0;32m  OK  [0m] Started Serial Getty on ttyS0.
[[0;32m  OK  [0m] Started LSB: automatic crash report generation.
[[0;32m  OK  [0m] Started Set console scheme.
[[0;32m  OK  [0m] Created slice system-getty.slice.
[[0;32m  OK  [0m] Started Getty on tty1.
[[0;32m  OK  [0m] Reached target Login Prompts.
[[0;32m  OK  [0m] Started LSB: Record successful boot for GRUB.
[[0;32m  OK  [0m] Started System Logging Service.
[[0;32m  OK  [0m] Started Authorization Manager.
[[0;32m  OK  [0m] Started Accounts Service.
[[0;32m  OK  [0m] Started Virtualbox guest utils.
[[0;32m  OK  [0m] Started OpenBSD Secure Shell server.
[[0;32m  OK  [0m] Started Dispatcher daemon for systemd-networkd.
[[0;32m  OK  [0m] Created slice User Slice of vagrant.
         Starting User Manager for UID 1000...
[[0;32m  OK  [0m] Started Session 1 of user vagrant.

Ubuntu 18.04.4 LTS ubuntu-bionic ttyS0

ubuntu-bionic login: [   31.764658] cloud-init[1319]: Cloud-init v. 19.4-33-gbb4131a2-0ubuntu1~18.04.1 running 'modules:config' at Fri, 17 Apr 2020 03:35:23 +0000. Up 31.44 seconds.
[   32.831692] cloud-init[1381]: Cloud-init v. 19.4-33-gbb4131a2-0ubuntu1~18.04.1 running 'modules:final' at Fri, 17 Apr 2020 03:35:24 +0000. Up 32.50 seconds.
[   32.831852] cloud-init[1381]: Cloud-init v. 19.4-33-gbb4131a2-0ubuntu1~18.04.1 finished at Fri, 17 Apr 2020 03:35:25 +0000. Datasource DataSourceNoCloud [seed=/dev/sdb][dsmode=net].  Up 32.82 seconds
